{
  "RSpec": {
    "coverage": {
      "/Users/samdevine/turing/3module/projects/viewing_party_lite/app/helpers/application_helper.rb": {
        "lines": [
          1,
          null
        ]
      },
      "/Users/samdevine/turing/3module/projects/viewing_party_lite/app/controllers/welcome_controller.rb": {
        "lines": [
          1,
          1,
          2,
          null,
          null
        ]
      },
      "/Users/samdevine/turing/3module/projects/viewing_party_lite/app/controllers/application_controller.rb": {
        "lines": [
          1,
          null
        ]
      },
      "/Users/samdevine/turing/3module/projects/viewing_party_lite/app/models/user.rb": {
        "lines": [
          1,
          null
        ]
      },
      "/Users/samdevine/turing/3module/projects/viewing_party_lite/app/models/application_record.rb": {
        "lines": [
          1,
          1,
          null
        ]
      },
      "/Users/samdevine/turing/3module/projects/viewing_party_lite/app/mailers/application_mailer.rb": {
        "lines": [
          0,
          0,
          0,
          0
        ],
        "branches": {
        }
      },
      "/Users/samdevine/turing/3module/projects/viewing_party_lite/app/jobs/application_job.rb": {
        "lines": [
          0,
          0
        ],
        "branches": {
        }
      },
      "/Users/christianvalesares/mod3/projects/viewing_party_lite/app/channels/application_cable/connection.rb": {
        "lines": [
          0,
          0,
          0,
          0
        ],
        "branches": {
        }
      },
      "/Users/christianvalesares/mod3/projects/viewing_party_lite/app/channels/application_cable/channel.rb": {
        "lines": [
          0,
          0,
          0,
          0
        ],
        "branches": {
        }
      }
    },
    "timestamp": 1638239391
  }
}
